<?xml version="1.0" encoding="UTF-8" ?>
<testsuite failures="0" time="106.222" errors="0" skipped="1" tests="24" name="com.github.plokhotnyuk.calculator.CalculatorTest">
  <properties>
[...]
</properties>
  <testcase time="7.521" classname="com.github.plokhotnyuk.calculator.CalculatorTest" name="userCanEnterNumbersByPressingDigitButtons"/>
  <testcase time="10.073" classname="com.github.plokhotnyuk.calculator.CalculatorTest" name="userCanResetEnteredValuesAndOperation"/>
  <testcase time="1.616" classname="com.github.plokhotnyuk.calculator.CalculatorTest" name="calculatorShouldSkipDuplicatedDots"/>
  <testcase time="1.475" classname="com.github.plokhotnyuk.calculator.CalculatorTest" name="calculatorShouldRemoveLeadingZeros"/>
  <testcase time="2.423" classname="com.github.plokhotnyuk.calculator.CalculatorTest" name="calculatorShouldReportErrorWhenDivideByZero"/>
  <testcase time="4.256" classname="com.github.plokhotnyuk.calculator.CalculatorTest" name="calculatorShouldReportErrorInCaseOfOverflow"/>
  <testcase time="5.879" classname="com.github.plokhotnyuk.calculator.CalculatorTest" name="calculatorShouldIndicate0InCaseOfUnderflow"/>
  <testcase time="2.287" classname="com.github.plokhotnyuk.calculator.CalculatorTest" name="userCanEnterFloatNumbers"/>
  <testcase time="2.44" classname="com.github.plokhotnyuk.calculator.CalculatorTest" name="userCanAddNumbers"/>
  <testcase time="2.881" classname="com.github.plokhotnyuk.calculator.CalculatorTest" name="userCanSubtractNumbers"/>
  <testcase time="2.899" classname="com.github.plokhotnyuk.calculator.CalculatorTest" name="userCanMultiplyNumbers"/>
  <testcase time="2.92" classname="com.github.plokhotnyuk.calculator.CalculatorTest" name="userCanDivideNumbers"/>
  <testcase time="1.464" classname="com.github.plokhotnyuk.calculator.CalculatorTest" name="calculatorShouldDoNothingWhenCalculateButtonPressedAfterEnteringTheFirstNumber"/>
  <testcase time="0.033" classname="com.github.plokhotnyuk.calculator.CalculatorTest" name="calculatorShouldBeTitledAndDisplaysZeroWhenStarted"/>
  <testcase time="15.114" classname="com.github.plokhotnyuk.calculator.CalculatorTest" name="userCanEnterNumbersUsingKeyboardOrNumericKeypad"/>
  <testcase time="5.198" classname="com.github.plokhotnyuk.calculator.CalculatorTest" name="userCanCalculateWithPreviouslyCalculatedValue"/>
  <testcase time="4.246" classname="com.github.plokhotnyuk.calculator.CalculatorTest" name="userCanCalculateWithPreviouslyEnteredValueAndOperation"/>
  <testcase time="3.111" classname="com.github.plokhotnyuk.calculator.CalculatorTest" name="userCanCalculateWithPreviouslyEnteredValuesAndOperation"/>
  <testcase time="3.111" classname="com.github.plokhotnyuk.calculator.CalculatorTest" name="userCanCalculatePreviousOperationByEnteringNewOperation">
    <skipped/>
  </testcase>
  <testcase time="5.68" classname="com.github.plokhotnyuk.calculator.CalculatorTest" name="calculatorShouldRemoveRedundantDotWithFollowingZeros"/>
  <testcase time="1.535" classname="com.github.plokhotnyuk.calculator.CalculatorTest" name="calculatorShouldNotRemoveLeadingZeroBeforeDot"/>
  <testcase time="3.764" classname="com.github.plokhotnyuk.calculator.CalculatorTest" name="calculatorShouldNotRemoveZerosAfterDotWhenEntering"/>
  <testcase time="11.33" classname="com.github.plokhotnyuk.calculator.CalculatorTest" name="calculatorShouldLimitLengthOfEnteredNumbersToSixteenDigits"/>
  <testcase time="7.478" classname="com.github.plokhotnyuk.calculator.CalculatorTest" name="calculatorShouldCalculateWithPrecisionUpToSixteenDigits"/>
</testsuite>